<?xml version="1.0" encoding="UTF-8"?>
<!-- Generated by org.testng.reporters.JUnitReportReporter -->
<testsuite hostname="VikasBurkulMachine" failures="0" tests="3" name="testClasses.TestFile" time="21.246" errors="0" timestamp="2024-10-11T19:47:16 IST" skipped="0">
  <testcase classname="testClasses.TestFile" name="validateUserIsOnHomePage" time="21.176"/>
  <testcase classname="testClasses.TestFile" name="validatePageHeader" time="0.059"/>
  <testcase classname="testClasses.TestFile" name="validatePageURL" time="0.011"/>
</testsuite> <!-- testClasses.TestFile -->
